[0;30m2
##start
start 0 1
##end
end 1 0
0 0 0
1 1 1
2 2 2
3 3 3
4 4 4
5 5 5
6 6 6
7 7 7
8 8 8
9 9 9
start-5
end-7
0-7
0-5
1-3
2-3
2-0
3-1
3-0
3-0
3-7
3-5
3-8
4-8
4-2
5-1
5-2
5-2
5-3
5-1
5-9
5-8
6-0
7-0
7-9
8-3
9-7
9-5
[0m
[35;1mAdjecency matrix[0m
	[34m|01234567891011[0m
[33m0	|000000100000[0m
[33m1	|000110111000[0m
[33m2	|000010100000[0m
[33m3	|010011100000[0m
[33m4	|011100101100[0m
[33m5	|000100000100[0m
[33m6	|111110000110[0m
[33m7	|010000000000[0m
[33m8	|010010000011[0m
[33m9	|000011100000[0m
[33m10	|000000101000[0m
[33m11	|000000001000[0m

[36;1;4;5mFound ways:[0m
[0;30m[start]-[5]-[0]-[2]-[3]-[7]-[end]
[start]-[5]-[0]-[2]-[4]-[8]-[3]-[7]-[end]
[start]-[5]-[0]-[3]-[7]-[end]
[start]-[5]-[0]-[7]-[end]
[start]-[5]-[1]-[3]-[0]-[7]-[end]
[start]-[5]-[1]-[3]-[2]-[0]-[7]-[end]
[start]-[5]-[1]-[3]-[7]-[end]
[start]-[5]-[1]-[3]-[8]-[4]-[2]-[0]-[7]-[end]
[start]-[5]-[2]-[0]-[3]-[7]-[end]
[start]-[5]-[2]-[0]-[7]-[end]
[start]-[5]-[2]-[3]-[0]-[7]-[end]
[start]-[5]-[2]-[3]-[7]-[end]
[start]-[5]-[2]-[4]-[8]-[3]-[0]-[7]-[end]
[start]-[5]-[2]-[4]-[8]-[3]-[7]-[end]
[start]-[5]-[3]-[0]-[7]-[end]
[start]-[5]-[3]-[2]-[0]-[7]-[end]
[start]-[5]-[3]-[7]-[end]
[start]-[5]-[3]-[8]-[4]-[2]-[0]-[7]-[end]
[start]-[5]-[8]-[3]-[0]-[7]-[end]
[start]-[5]-[8]-[3]-[2]-[0]-[7]-[end]
[start]-[5]-[8]-[3]-[7]-[end]
[start]-[5]-[8]-[4]-[2]-[0]-[3]-[7]-[end]
[start]-[5]-[8]-[4]-[2]-[0]-[7]-[end]
[start]-[5]-[8]-[4]-[2]-[3]-[0]-[7]-[end]
[start]-[5]-[8]-[4]-[2]-[3]-[7]-[end]
[start]-[5]-[9]-[7]-[end]
[0m
[35;3;2;3mRun Forest run:[0m
[0;30mL1-5[0m
[0;30mL1-0 L2-5[0m
[0;30mL1-7 L2-0[0m
[0;30mL1-end L2-7[0m
[0;30mL2-end[0m
